[    0.000000] Linux version 4.15.0-188-generic (buildd@lcy02-amd64-058) (gcc version 7.5.0 (Ubuntu 7.5.0-3ubuntu1~18.04)) #199-Ubuntu SMP Wed Jun 15 20:42:56 UTC 2022 (Ubuntu 4.15.0-188.199-generic 4.15.18)
[    0.000000] Command line: BOOT_IMAGE=/boot/vmlinuz-4.15.0-188-generic root=UUID=407ca50a-734c-4985-a2e9-232809deea3a ro console=tty1 console=ttyS0
[    0.000000] KERNEL supported cpus:
[    0.000000]   Intel GenuineIntel
[    0.000000]   AMD AuthenticAMD
[    0.000000]   Centaur CentaurHauls
[    0.000000] x86/fpu: Supporting XSAVE feature 0x001: 'x87 floating point registers'
[    0.000000] x86/fpu: Supporting XSAVE feature 0x002: 'SSE registers'
[    0.000000] x86/fpu: Supporting XSAVE feature 0x004: 'AVX registers'
[    0.000000] x86/fpu: xstate_offset[2]:  576, xstate_sizes[2]:  256
[    0.000000] x86/fpu: Enabled xstate features 0x7, context size is 832 bytes, using 'standard' format.
[    0.000000] e820: BIOS-provided physical RAM map:
[    0.000000] BIOS-e820: [mem 0x0000000000000000-0x000000000009fbff] usable
[    0.000000] BIOS-e820: [mem 0x000000000009fc00-0x000000000009ffff] reserved
[    0.000000] BIOS-e820: [mem 0x00000000000f0000-0x00000000000fffff] reserved
[    0.000000] BIOS-e820: [mem 0x0000000000100000-0x000000007ffeffff] usable
[    0.000000] BIOS-e820: [mem 0x000000007fff0000-0x000000007fffffff] ACPI data
[    0.000000] BIOS-e820: [mem 0x00000000fec00000-0x00000000fec00fff] reserved
[    0.000000] BIOS-e820: [mem 0x00000000fee00000-0x00000000fee00fff] reserved
[    0.000000] BIOS-e820: [mem 0x00000000fffc0000-0x00000000ffffffff] reserved
[    0.000000] NX (Execute Disable) protection: active
[    0.000000] SMBIOS 2.5 present.
[    0.000000] DMI: innotek GmbH VirtualBox/VirtualBox, BIOS VirtualBox 12/01/2006
[    0.000000] Hypervisor detected: KVM
[    0.000000] e820: last_pfn = 0x7fff0 max_arch_pfn = 0x400000000
[    0.000000] MTRR: Disabled
[    0.000000] x86/PAT: MTRRs disabled, skipping PAT initialization too.
[    0.000000] CPU MTRRs all blank - virtualized system.
[    0.000000] x86/PAT: Configuration [0-7]: WB  WT  UC- UC  WB  WT  UC- UC  
[    0.000000] found SMP MP-table at [mem 0x0009fff0-0x0009ffff]
[    0.000000] Scanning 1 areas for low memory corruption
[    0.000000] RAMDISK: [mem 0x35817000-0x36c02fff]
[    0.000000] ACPI: Early table checksum verification disabled
[    0.000000] ACPI: RSDP 0x00000000000E0000 000024 (v02 VBOX  )
[    0.000000] ACPI: XSDT 0x000000007FFF0030 00003C (v01 VBOX   VBOXXSDT 00000001 ASL  00000061)
[    0.000000] ACPI: FACP 0x000000007FFF00F0 0000F4 (v04 VBOX   VBOXFACP 00000001 ASL  00000061)
[    0.000000] ACPI: DSDT 0x000000007FFF0470 002325 (v02 VBOX   VBOXBIOS 00000002 INTL 20200925)
[    0.000000] ACPI: FACS 0x000000007FFF0200 000040
[    0.000000] ACPI: FACS 0x000000007FFF0200 000040
[    0.000000] ACPI: APIC 0x000000007FFF0240 000054 (v02 VBOX   VBOXAPIC 00000001 ASL  00000061)
[    0.000000] ACPI: SSDT 0x000000007FFF02A0 0001CC (v01 VBOX   VBOXCPUT 00000002 INTL 20200925)
[    0.000000] ACPI: Reserving FACP table memory at [mem 0x7fff00f0-0x7fff01e3]
[    0.000000] ACPI: Reserving DSDT table memory at [mem 0x7fff0470-0x7fff2794]
[    0.000000] ACPI: Reserving FACS table memory at [mem 0x7fff0200-0x7fff023f]
[    0.000000] ACPI: Reserving FACS table memory at [mem 0x7fff0200-0x7fff023f]
[    0.000000] ACPI: Reserving APIC table memory at [mem 0x7fff0240-0x7fff0293]
[    0.000000] ACPI: Reserving SSDT table memory at [mem 0x7fff02a0-0x7fff046b]
[    0.000000] No NUMA configuration found
[    0.000000] Faking a node at [mem 0x0000000000000000-0x000000007ffeffff]
[    0.000000] NODE_DATA(0) allocated [mem 0x7ffc5000-0x7ffeffff]
[    0.000000] kvm-clock: cpu 0, msr 0:7ff44001, primary cpu clock
[    0.000000] kvm-clock: Using msrs 4b564d01 and 4b564d00
[    0.000000] kvm-clock: using sched offset of 3116906870 cycles
[    0.000000] clocksource: kvm-clock: mask: 0xffffffffffffffff max_cycles: 0x1cd42e4dffb, max_idle_ns: 881590591483 ns
[    0.000000] Zone ranges:
[    0.000000]   DMA      [mem 0x0000000000001000-0x0000000000ffffff]
[    0.000000]   DMA32    [mem 0x0000000001000000-0x000000007ffeffff]
[    0.000000]   Normal   empty
[    0.000000]   Device   empty
[    0.000000] Movable zone start for each node
[    0.000000] Early memory node ranges
[    0.000000]   node   0: [mem 0x0000000000001000-0x000000000009efff]
[    0.000000]   node   0: [mem 0x0000000000100000-0x000000007ffeffff]
[    0.000000] Reserved but unavailable: 104 pages
[    0.000000] Initmem setup node 0 [mem 0x0000000000001000-0x000000007ffeffff]
[    0.000000] ACPI: PM-Timer IO Port: 0x4008
[    0.000000] IOAPIC[0]: apic_id 1, version 32, address 0xfec00000, GSI 0-23
[    0.000000] ACPI: INT_SRC_OVR (bus 0 bus_irq 0 global_irq 2 dfl dfl)
[    0.000000] ACPI: INT_SRC_OVR (bus 0 bus_irq 9 global_irq 9 low level)
[    0.000000] Using ACPI (MADT) for SMP configuration information
[    0.000000] smpboot: Allowing 1 CPUs, 0 hotplug CPUs
[    0.000000] PM: Registered nosave memory: [mem 0x00000000-0x00000fff]
[    0.000000] PM: Registered nosave memory: [mem 0x0009f000-0x0009ffff]
[    0.000000] PM: Registered nosave memory: [mem 0x000a0000-0x000effff]
[    0.000000] PM: Registered nosave memory: [mem 0x000f0000-0x000fffff]
[    0.000000] e820: [mem 0x80000000-0xfebfffff] available for PCI devices
[    0.000000] Booting paravirtualized kernel on KVM
[    0.000000] clocksource: refined-jiffies: mask: 0xffffffff max_cycles: 0xffffffff, max_idle_ns: 7645519600211568 ns
[    0.000000] random: get_random_bytes called from start_kernel+0x99/0x500 with crng_init=0
[    0.000000] setup_percpu: NR_CPUS:8192 nr_cpumask_bits:1 nr_cpu_ids:1 nr_node_ids:1
[    0.000000] percpu: Embedded 50 pages/cpu s167936 r8192 d28672 u2097152
[    0.000000] PV qspinlock hash table entries: 256 (order: 0, 4096 bytes)
[    0.000000] Built 1 zonelists, mobility grouping on.  Total pages: 515961
[    0.000000] Policy zone: DMA32
[    0.000000] Kernel command line: BOOT_IMAGE=/boot/vmlinuz-4.15.0-188-generic root=UUID=407ca50a-734c-4985-a2e9-232809deea3a ro console=tty1 console=ttyS0
[    0.000000] Memory: 2014168K/2096696K available (12300K kernel code, 2484K rwdata, 4324K rodata, 2468K init, 2724K bss, 82528K reserved, 0K cma-reserved)
[    0.000000] SLUB: HWalign=64, Order=0-3, MinObjects=0, CPUs=1, Nodes=1
[    0.000000] Kernel/User page tables isolation: enabled
[    0.000000] ftrace: allocating 39513 entries in 155 pages
[    0.004000] Hierarchical RCU implementation.
[    0.004000] 	RCU restricting CPUs from NR_CPUS=8192 to nr_cpu_ids=1.
[    0.004000] 	Tasks RCU enabled.
[    0.004000] RCU: Adjusting geometry for rcu_fanout_leaf=16, nr_cpu_ids=1
[    0.004000] NR_IRQS: 524544, nr_irqs: 256, preallocated irqs: 16
[    0.004000] Console: colour VGA+ 80x25
[    0.004000] console [tty1] enabled
[    0.004000] console [ttyS0] enabled
[    0.004000] ACPI: Core revision 20170831
[    0.004000] ACPI: 2 ACPI AML tables successfully acquired and loaded
[    0.004000] APIC: Switch to symmetric I/O mode setup
[    0.004000] x2apic enabled
[    0.004000] Switched APIC routing to physical x2apic.
[    0.004000] ..TIMER: vector=0x30 apic1=0 pin1=2 apic2=-1 pin2=-1
[    0.004000] tsc: Detected 2803.198 MHz processor
[    0.004000] Calibrating delay loop (skipped) preset value.. 5606.39 BogoMIPS (lpj=11212792)
[    0.004004] pid_max: default: 32768 minimum: 301
[    0.004513] Security Framework initialized
[    0.004987] Yama: becoming mindful.
[    0.005392] AppArmor: AppArmor initialized
[    0.006441] Dentry cache hash table entries: 262144 (order: 9, 2097152 bytes)
[    0.008020] Inode-cache hash table entries: 131072 (order: 8, 1048576 bytes)
[    0.008729] Mount-cache hash table entries: 4096 (order: 3, 32768 bytes)
[    0.009374] Mountpoint-cache hash table entries: 4096 (order: 3, 32768 bytes)
[    0.010241] process: using mwait in idle threads
[    0.010715] Last level iTLB entries: 4KB 0, 2MB 0, 4MB 0
[    0.011243] Last level dTLB entries: 4KB 0, 2MB 0, 4MB 0, 1GB 0
[    0.011828] Spectre V1 : Mitigation: usercopy/swapgs barriers and __user pointer sanitization
[    0.012001] Spectre V2 : Mitigation: Retpolines
[    0.012454] Spectre V2 : Spectre v2 / SpectreRSB mitigation: Filling RSB on context switch
[    0.013253] Speculative Store Bypass: Vulnerable
[    0.013742] MDS: Mitigation: Clear CPU buffers
[    0.025833] Freeing SMP alternatives memory: 36K
[    0.132067] smpboot: CPU0: 11th Gen Intel(R) Core(TM) i7-1165G7 @ 2.80GHz (family: 0x6, model: 0x8c, stepping: 0x1)
[    0.133425] Performance Events: unsupported p6 CPU model 140 no PMU driver, software events only.
[    0.134268] Hierarchical SRCU implementation.
[    0.135121] NMI watchdog: Perf event create on CPU 0 failed with -2
[    0.135730] NMI watchdog: Perf NMI watchdog permanently disabled
[    0.136024] smp: Bringing up secondary CPUs ...
[    0.136442] smp: Brought up 1 node, 1 CPU
[    0.136821] smpboot: Max logical packages: 1
[    0.137268] smpboot: Total of 1 processors activated (5606.39 BogoMIPS)
[    0.137941] devtmpfs: initialized
[    0.138289] x86/mm: Memory block size: 128MB
[    0.138812] evm: security.selinux
[    0.139134] evm: security.SMACK64
[    0.139521] evm: security.SMACK64EXEC
[    0.140002] evm: security.SMACK64TRANSMUTE
[    0.140376] evm: security.SMACK64MMAP
[    0.140722] evm: security.apparmor
[    0.141041] evm: security.ima
[    0.141362] evm: security.capability
[    0.141801] clocksource: jiffies: mask: 0xffffffff max_cycles: 0xffffffff, max_idle_ns: 7645041785100000 ns
[    0.142755] futex hash table entries: 256 (order: 2, 16384 bytes)
[    0.143398] pinctrl core: initialized pinctrl subsystem
[    0.144065] RTC time: 19:57:41, date: 06/27/22
[    0.144511] NET: Registered protocol family 16
[    0.144980] audit: initializing netlink subsys (disabled)
[    0.145605] cpuidle: using governor ladder
[    0.146020] cpuidle: using governor menu
[    0.146437] ACPI: bus type PCI registered
[    0.146842] acpiphp: ACPI Hot Plug PCI Controller Driver version: 0.5
[    0.148021] PCI: Using configuration type 1 for base access
[    0.148588] audit: type=2000 audit(1656359865.885:1): state=initialized audit_enabled=0 res=1
[    0.150056] HugeTLB registered 2.00 MiB page size, pre-allocated 0 pages
[    0.150788] ACPI: Added _OSI(Module Device)
[    0.151166] ACPI: Added _OSI(Processor Device)
[    0.151567] ACPI: Added _OSI(3.0 _SCP Extensions)
[    0.152000] ACPI: Added _OSI(Processor Aggregator Device)
[    0.152004] ACPI: Added _OSI(Linux-Dell-Video)
[    0.152407] ACPI: Added _OSI(Linux-Lenovo-NV-HDMI-Audio)
[    0.152865] ACPI: Added _OSI(Linux-HPI-Hybrid-Graphics)
[    0.153465] ACPI: Executed 1 blocks of module-level executable AML code
[    0.156626] ACPI: Interpreter enabled
[    0.156981] ACPI: (supports S0 S5)
[    0.157302] ACPI: Using IOAPIC for interrupt routing
[    0.157884] PCI: Using host bridge windows from ACPI; if necessary, use "pci=nocrs" and report a bug
[    0.158862] ACPI: Enabled 2 GPEs in block 00 to 07
[    0.163313] ACPI: PCI Root Bridge [PCI0] (domain 0000 [bus 00-ff])
[    0.164004] acpi PNP0A03:00: _OSC: OS supports [ASPM ClockPM Segments MSI]
[    0.164974] acpi PNP0A03:00: _OSC: not requesting OS control; OS requires [ExtendedConfig ASPM ClockPM MSI]
[    0.165868] acpi PNP0A03:00: fail to add MMCONFIG information, can't access extended PCI configuration space under this bridge.
[    0.167034] PCI host bridge to bus 0000:00
[    0.167410] pci_bus 0000:00: root bus resource [io  0x0000-0x0cf7 window]
[    0.168001] pci_bus 0000:00: root bus resource [io  0x0d00-0xffff window]
[    0.168640] pci_bus 0000:00: root bus resource [mem 0x000a0000-0x000bffff window]
[    0.169385] pci_bus 0000:00: root bus resource [mem 0x80000000-0xfdffffff window]
[    0.170376] pci_bus 0000:00: root bus resource [bus 00-ff]
[    0.172209] pci 0000:00:01.1: legacy IDE quirk: reg 0x10: [io  0x01f0-0x01f7]
[    0.172876] pci 0000:00:01.1: legacy IDE quirk: reg 0x14: [io  0x03f6]
[    0.173481] pci 0000:00:01.1: legacy IDE quirk: reg 0x18: [io  0x0170-0x0177]
[    0.174165] pci 0000:00:01.1: legacy IDE quirk: reg 0x1c: [io  0x0376]
[    0.184501] pci 0000:00:07.0: quirk: [io  0x4000-0x403f] claimed by PIIX4 ACPI
[    0.185222] pci 0000:00:07.0: quirk: [io  0x4100-0x410f] claimed by PIIX4 SMB
[    0.191030] ACPI: PCI Interrupt Link [LNKA] (IRQs 5 9 10 *11)
[    0.191769] ACPI: PCI Interrupt Link [LNKB] (IRQs 5 9 *10 11)
[    0.192062] ACPI: PCI Interrupt Link [LNKC] (IRQs 5 *9 10 11)
[    0.192650] ACPI: PCI Interrupt Link [LNKD] (IRQs 5 9 10 *11)
[    0.193398] SCSI subsystem initialized
[    0.193871] pci 0000:00:02.0: vgaarb: setting as boot VGA device
[    0.194427] pci 0000:00:02.0: vgaarb: VGA device added: decodes=io+mem,owns=io+mem,locks=none
[    0.195181] pci 0000:00:02.0: vgaarb: bridge control possible
[    0.196001] vgaarb: loaded
[    0.196288] ACPI: bus type USB registered
[    0.196693] usbcore: registered new interface driver usbfs
[    0.197197] usbcore: registered new interface driver hub
[    0.197687] usbcore: registered new device driver usb
[    0.198197] EDAC MC: Ver: 3.0.0
[    0.198664] PCI: Using ACPI for IRQ routing
[    0.199198] NetLabel: Initializing
[    0.200001] NetLabel:  domain hash size = 128
[    0.200400] NetLabel:  protocols = UNLABELED CIPSOv4 CALIPSO
[    0.200931] NetLabel:  unlabeled traffic allowed by default
[    0.201494] clocksource: Switched to clocksource kvm-clock
[    0.208104] VFS: Disk quotas dquot_6.6.0
[    0.208568] VFS: Dquot-cache hash table entries: 512 (order 0, 4096 bytes)
[    0.209268] AppArmor: AppArmor Filesystem Enabled
[    0.209739] pnp: PnP ACPI init
[    0.210599] pnp: PnP ACPI: found 3 devices
[    0.216085] clocksource: acpi_pm: mask: 0xffffff max_cycles: 0xffffff, max_idle_ns: 2085701024 ns
[    0.217288] NET: Registered protocol family 2
[    0.217749] IP idents hash table entries: 32768 (order: 6, 262144 bytes)
[    0.218472] TCP established hash table entries: 16384 (order: 5, 131072 bytes)
[    0.219124] TCP bind hash table entries: 16384 (order: 6, 262144 bytes)
[    0.219766] TCP: Hash tables configured (established 16384 bind 16384)
[    0.220442] UDP hash table entries: 1024 (order: 3, 32768 bytes)
[    0.221046] UDP-Lite hash table entries: 1024 (order: 3, 32768 bytes)
[    0.221607] NET: Registered protocol family 1
[    0.221998] pci 0000:00:00.0: Limiting direct PCI/PCI transfers
[    0.222521] pci 0000:00:01.0: Activating ISA DMA hang workarounds
[    0.223099] pci 0000:00:02.0: Video device with shadowed ROM at [mem 0x000c0000-0x000dffff]
[    0.223867] Unpacking initramfs...
[    0.425914] Freeing initrd memory: 20400K
[    0.426464] clocksource: tsc: mask: 0xffffffffffffffff max_cycles: 0x28680e0a5c3, max_idle_ns: 440795346756 ns
[    0.427456] platform rtc_cmos: registered platform RTC device (no PNP device found)
[    0.428259] Scanning for low memory corruption every 60 seconds
[    0.429201] Initialise system trusted keyrings
[    0.429654] Key type blacklist registered
[    0.430053] workingset: timestamp_bits=36 max_order=19 bucket_order=0
[    0.431121] zbud: loaded
[    0.431740] squashfs: version 4.0 (2009/01/31) Phillip Lougher
[    0.432392] fuse init (API version 7.26)
[    0.433258] Key type asymmetric registered
[    0.433689] Asymmetric key parser 'x509' registered
[    0.434199] Block layer SCSI generic (bsg) driver version 0.4 loaded (major 246)
[    0.434899] io scheduler noop registered
[    0.435276] io scheduler deadline registered
[    0.435689] io scheduler cfq registered (default)
[    0.436323] ACPI: AC Adapter [AC] (on-line)
[    0.436816] input: Power Button as /devices/LNXSYSTM:00/LNXPWRBN:00/input/input0
[    0.437567] ACPI: Power Button [PWRF]
[    0.438021] input: Sleep Button as /devices/LNXSYSTM:00/LNXSLPBN:00/input/input1
[    0.438748] ACPI: Sleep Button [SLPF]
[    0.439635] ACPI: Battery Slot [BAT0] (battery present)
[    0.440250] Serial: 8250/16550 driver, 32 ports, IRQ sharing enabled
[    0.461428] 00:02: ttyS0 at I/O 0x3f8 (irq = 4, base_baud = 115200) is a 16550A
[    0.463298] Linux agpgart interface v0.103
[    0.464929] loop: module loaded
[    0.465560] scsi host0: ata_piix
[    0.465956] scsi host1: ata_piix
[    0.466309] ata1: PATA max UDMA/33 cmd 0x1f0 ctl 0x3f6 bmdma 0xd000 irq 14
[    0.466972] ata2: PATA max UDMA/33 cmd 0x170 ctl 0x376 bmdma 0xd008 irq 15
[    0.467923] tun: Universal TUN/TAP device driver, 1.6
[    0.468493] PPP generic driver version 2.4.2
[    0.468959] ehci_hcd: USB 2.0 'Enhanced' Host Controller (EHCI) Driver
[    0.469524] ehci-pci: EHCI PCI platform driver
[    0.469945] ehci-platform: EHCI generic platform driver
[    0.470399] ohci_hcd: USB 1.1 'Open' Host Controller (OHCI) Driver
[    0.470925] ohci-pci: OHCI PCI platform driver
[    0.471371] ohci-platform: OHCI generic platform driver
[    0.471892] uhci_hcd: USB Universal Host Controller Interface driver
[    0.472483] i8042: PNP: PS/2 Controller [PNP0303:PS2K,PNP0f03:PS2M] at 0x60,0x64 irq 1,12
[    0.473543] serio: i8042 KBD port at 0x60,0x64 irq 1
[    0.474046] serio: i8042 AUX port at 0x60,0x64 irq 12
[    0.474552] mousedev: PS/2 mouse device common for all mice
[    0.475180] input: AT Translated Set 2 keyboard as /devices/platform/i8042/serio0/input/input2
[    0.476266] rtc_cmos rtc_cmos: rtc core: registered rtc_cmos as rtc0
[    0.476926] rtc_cmos rtc_cmos: alarms up to one day, 114 bytes nvram
[    0.477479] i2c /dev entries driver
[    0.477830] device-mapper: uevent: version 1.0.3
[    0.478264] device-mapper: ioctl: 4.37.0-ioctl (2017-09-20) initialised: dm-devel@redhat.com
[    0.479005] ledtrig-cpu: registered to indicate activity on CPUs
[    0.479654] NET: Registered protocol family 10
[    0.481977] Segment Routing with IPv6
[    0.482385] NET: Registered protocol family 17
[    0.482854] Key type dns_resolver registered
[    0.483337] mce: Using 0 MCE banks
[    0.483701] RAS: Correctable Errors collector initialized.
[    0.484249] sched_clock: Marking stable (484234726, 0)->(583349118, -99114392)
[    0.484988] registered taskstats version 1
[    0.485380] Loading compiled-in X.509 certificates
[    0.487176] Loaded X.509 cert 'Build time autogenerated kernel key: b66dc1acf13a39763c2531b24acc94c778f61d5e'
[    0.488607] Loaded X.509 cert 'Canonical Ltd. Live Patch Signing: 14df34d1a87cf37625abec039ef2bf521249b969'
[    0.489982] Loaded X.509 cert 'Canonical Ltd. Kernel Module Signing: 88f752e560a1e0737e31163a466ad7b70a850c19'
[    0.490940] blacklist: Loading compiled-in revocation X.509 certificates
[    0.491625] Loaded X.509 cert 'Canonical Ltd. Secure Boot Signing: 61482aa2830d0ab2ad5af10b7250da9033ddcef0'
[    0.492611] zswap: loaded using pool lzo/zbud
[    0.494720] Key type big_key registered
[    0.495155] Key type trusted registered
[    0.496405] Key type encrypted registered
[    0.496847] AppArmor: AppArmor sha1 policy hashing enabled
[    0.497387] ima: No TPM chip found, activating TPM-bypass! (rc=-19)
[    0.497993] ima: Allocated hash algorithm: sha1
[    0.498454] evm: HMAC attrs: 0x1
[    0.498941]   Magic number: 10:488:1002
[    0.499401] rtc_cmos rtc_cmos: setting system clock to 2022-06-27 19:57:41 UTC (1656359861)
[    0.500286] BIOS EDD facility v0.16 2004-Jun-25, 0 devices found
[    0.500947] EDD information not available.
[    0.648641] Freeing unused kernel image memory: 2468K
[    0.656025] Write protecting the kernel read-only data: 20480k
[    0.656950] Freeing unused kernel image memory: 2008K
[    0.657694] Freeing unused kernel image memory: 1820K
[    0.661652] x86/mm: Checked W+X mappings: passed, no W+X pages found.
[    0.662398] x86/mm: Checking user space page tables
[    0.666128] x86/mm: Checked W+X mappings: passed, no W+X pages found.
Loading, please wait...
starting version 237
[    0.759353] e1000: Intel(R) PRO/1000 Network Driver - version 7.3.21-k8-NAPI
[    0.760190] e1000: Copyright (c) 1999-2006 Intel Corporation.
[    0.764183] Fusion MPT base driver 3.04.20
[    0.764658] Copyright (c) 1999-2008 LSI Corporation
[    0.767211] Fusion MPT SPI Host driver 3.04.20
[    0.782226] AVX2 version of gcm_enc/dec engaged.
[    0.782756] AES CTR mode by8 optimization enabled
[    0.974960] input: ImExPS/2 Generic Explorer Mouse as /devices/platform/i8042/serio1/input/input4
[    1.118193] e1000 0000:00:03.0 eth0: (PCI:33MHz:32-bit) 02:77:ed:63:d5:e3
[    1.119189] e1000 0000:00:03.0 eth0: Intel(R) PRO/1000 Network Connection
[    1.120687] mptbase: ioc0: Initiating bringup
[    1.216391] ioc0: LSI53C1030 A0: Capabilities={Initiator}
[    1.456573] scsi host2: ioc0: LSI53C1030 A0, FwRev=00000000h, Ports=1, MaxQ=256, IRQ=20
[    1.624204] scsi 2:0:0:0: Direct-Access     VBOX     HARDDISK         1.0  PQ: 0 ANSI: 5
[    1.625082] scsi target2:0:0: Beginning Domain Validation
[    1.626886] scsi target2:0:0: Domain Validation skipping write tests
[    1.627545] scsi target2:0:0: Ending Domain Validation
[    1.628115] scsi target2:0:0: asynchronous
[    1.628599] random: fast init done
[    1.629093] scsi 2:0:1:0: Direct-Access     VBOX     HARDDISK         1.0  PQ: 0 ANSI: 5
[    1.629915] scsi target2:0:1: Beginning Domain Validation
[    1.630793] scsi target2:0:1: Domain Validation skipping write tests
[    1.631410] scsi target2:0:1: Ending Domain Validation
[    1.631963] scsi target2:0:1: asynchronous
[    1.634365] random: systemd-udevd: uninitialized urandom read (16 bytes read)
[    1.635100] random: systemd-udevd: uninitialized urandom read (16 bytes read)
[    1.635786] random: systemd-udevd: uninitialized urandom read (16 bytes read)
[    1.637059] sd 2:0:0:0: [sda] 83886080 512-byte logical blocks: (42.9 GB/40.0 GiB)
[    1.637894] sd 2:0:0:0: [sda] Write Protect is off
[    1.638411] sd 2:0:0:0: [sda] Incomplete mode parameter data
[    1.638967] sd 2:0:0:0: [sda] Assuming drive cache: write through
[    1.640104] sd 2:0:0:0: Attached scsi generic sg0 type 0
[    1.641069]  sda: sda1
[    1.641379] sd 2:0:1:0: [sdb] 20480 512-byte logical blocks: (10.5 MB/10.0 MiB)
[    1.642147] sd 2:0:1:0: [sdb] Write Protect is off
[    1.642809] sd 2:0:1:0: [sdb] Incomplete mode parameter data
[    1.643366] sd 2:0:1:0: [sdb] Assuming drive cache: write through
[    1.644533] sd 2:0:0:0: [sda] Attached SCSI disk
[    1.645186] sd 2:0:1:0: Attached scsi generic sg1 type 0
[    1.646525] sd 2:0:1:0: [sdb] Attached SCSI disk
[    1.971872] e1000 0000:00:08.0 eth1: (PCI:33MHz:32-bit) 08:00:27:de:03:19
[    1.972686] e1000 0000:00:08.0 eth1: Intel(R) PRO/1000 Network Connection
[    1.974173] e1000 0000:00:08.0 enp0s8: renamed from eth1
[    1.975771] e1000 0000:00:03.0 enp0s3: renamed from eth0
Begin: Loading essential drivers ... [    3.284163] raid6: sse2x1   gen() 17902 MB/s
[    3.351674] raid6: sse2x1   xor() 10679 MB/s
[    3.414873] raid6: sse2x2   gen() 23449 MB/s
[    3.478089] raid6: sse2x2   xor() 14506 MB/s
[    3.541272] raid6: sse2x4   gen() 24572 MB/s
[    3.604460] raid6: sse2x4   xor() 13196 MB/s
[    3.667863] raid6: avx2x1   gen() 34927 MB/s
[    3.728516] raid6: avx2x1   xor() 21135 MB/s
[    3.788128] raid6: avx2x2   gen() 42205 MB/s
[    3.851346] raid6: avx2x2   xor() 28583 MB/s
[    3.916776] raid6: avx2x4   gen() 45213 MB/s
[    3.980918] raid6: avx2x4   xor() 26027 MB/s
[    3.981431] raid6: using algorithm avx2x4 gen() 45213 MB/s
[    3.981999] raid6: .... xor() 26027 MB/s, rmw enabled
[    3.982551] raid6: using avx2x2 recovery algorithm
[    3.984682] xor: automatically using best checksumming function   avx       
[    3.986493] async_tx: api initialized (async)
done.
Begin: Running /scripts/init-premount ... done.
Begin: Mounting root file system ... Begin: Running /scripts/local-top ... done.
Begin: Running /scripts/local-premount ... [    4.023432] Btrfs loaded, crc32c=crc32c-intel
Scanning for Btrfs filesystems
done.
Begin: Will now check root file system ... fsck from util-linux 2.31.1
[/sbin/fsck.ext4 (1) -- /dev/sda1] fsck.ext4 -a -C0 /dev/sda1 
cloudimg-rootfs: clean, 98846/5120000 files, 729763/10485499 blocks
done.
[    4.053462] EXT4-fs (sda1): mounted filesystem with ordered data mode. Opts: (null)
done.
Begin: Running /scripts/local-bottom ... done.
Begin: Running /scripts/init-bottom ... done.
[    4.185139] ip_tables: (C) 2000-2006 Netfilter Core Team
[    4.190364] systemd[1]: systemd 237 running in system mode. (+PAM +AUDIT +SELINUX +IMA +APPARMOR +SMACK +SYSVINIT +UTMP +LIBCRYPTSETUP +GCRYPT +GNUTLS +ACL +XZ +LZ4 +SECCOMP +BLKID +ELFUTILS +KMOD -IDN2 +IDN -PCRE2 default-hierarchy=hybrid)
[    4.192717] systemd[1]: Detected virtualization oracle.
[    4.193331] systemd[1]: Detected architecture x86-64.

Welcome to [1mUbuntu 18.04.6 LTS[0m!

[    4.196535] systemd[1]: Set hostname to <nfsserver1>.
[    4.394961] systemd[1]: Started Forward Password Requests to Wall Directory Watch.
[[0;32m  OK  [0m] Started Forward Password Requests to Wall Directory Watch.
[    4.396424] systemd[1]: Set up automount Arbitrary Executable File Formats File System Automount Point.
[[0;32m  OK  [0m] Set up automount Arbitrary Executab…rmats File System Automount Point.
[    4.398348] systemd[1]: Created slice System Slice.
[[0;32m  OK  [0m] Created slice System Slice.
[    4.399204] systemd[1]: Listening on LVM2 metadata daemon socket.
[[0;32m  OK  [0m] Listening on LVM2 metadata daemon socket.
[    4.400211] systemd[1]: Listening on Journal Socket (/dev/log).
[[0;32m  OK  [0m] Listening on Journal Socket (/dev/log).
[    4.401323] systemd[1]: Listening on Journal Audit Socket.
[[0;32m  OK  [0m] Listening on Journal Audit Socket.
[[0;32m  OK  [0m] Listening on fsck to fsckd communication Socket.
[[0;32m  OK  [0m] Listening on udev Control Socket.
[[0;32m  OK  [0m] Listening on udev Kernel Socket.
[[0;32m  OK  [0m] Listening on LVM2 poll daemon socket.
[[0;32m  OK  [0m] Listening on Syslog Socket.
[[0;32m  OK  [0m] Listening on /dev/initctl Compatibility Named Pipe.
[[0;32m  OK  [0m] Listening on Network Service Netlink Socket.
[[0;32m  OK  [0m] Reached target Swap.
[[0;32m  OK  [0m] Listening on RPCbind Server Activation Socket.
[[0;32m  OK  [0m] Created slice system-serial\x2dgetty.slice.
[[0;32m  OK  [0m] Listening on Device-mapper event daemon FIFOs.
[[0;32m  OK  [0m] Created slice User and Session Slice.
[[0;32m  OK  [0m] Reached target Slices.
[[0;32m  OK  [0m] Reached target System Time Synchronized.
[[0;32m  OK  [0m] Listening on Journal Socket.
         Starting Journal Service...
         Starting Load Kernel Modules...
         Starting Monitoring of LVM2 mirrors…ng dmeventd or progress polling...
         Starting Set the console keyboard layout...
         Starting Create list of required st…ce nodes for the current kernel...
         Mounting Kernel Debug File System...
         Starting udev Coldplug all Devices...
         Mounting Huge Pages File System...
[    4.434509] Loading iSCSI transport class v2.0-870.
[    4.438343] iscsi: registered transport (tcp)
[    4.448077] iscsi: registered transport (iser)
         Mounting POSIX Message Queue File System...
         Mounting RPC Pipe File System...
         Mounting NFSD configuration filesystem...
         Starting Remount Root and Kernel File Systems...
         Starting Uncomplicated firewall...
[[0;32m  OK  [0m] Reached target User and Group Name Lookups.
[[0;32m  OK  [0m] Started Journal Service.
[[0;32m  OK  [0m] Started Load Kernel Modules.
[[0;32m  OK  [0m] Started Create list of required sta…vice nodes for the current kernel.
         Starting Create Static Device Nodes in /dev...
         Mounting Kernel Configuration File System...
         Mounting FUSE Control File System...
         Starting Apply Kernel Variables...
[[0;32m  OK  [0m] Mounted POSIX Message Queue File System.
[[0;32m  OK  [0m] Mounted Kernel Debug File System.
[[0;32m  OK  [0m] Mounted Huge Pages File System.
[[0;32m  OK  [0m] Mounted Kernel Configuration File System.
[[0;32m  OK  [0m] Mounted FUSE Control File System.
[[0;32m  OK  [0m] Started udev Coldplug all Devices.
[[0;32m  OK  [0m] Started Uncomplicated firewall.
[[0;32m  OK  [0m] Started Create Static Device Nodes in /dev.
[[0;32m  OK  [0m] Started LVM2 metadata daemon.
[[0;32m  OK  [0m] Started Apply Kernel Variables.
[[0;32m  OK  [0m] Mounted RPC Pipe File System.
         Starting pNFS block layout mapping daemon...
[[0;32m  OK  [0m] Started Remount Root and Kernel File Systems.
         Starting udev Kernel Device Manager...
         Starting Load/Save Random Seed...
         Starting Flush Journal to Persistent Storage...
[[0;32m  OK  [0m] Started pNFS block layout mapping daemon.
[[0;32m  OK  [0m] Mounted NFSD configuration filesystem.
[[0;32m  OK  [0m] Started Load/Save Random Seed.
[[0;32m  OK  [0m] Started udev Kernel Device Manager.
[[0;32m  OK  [0m] Started Monitoring of LVM2 mirrors,…sing dmeventd or progress polling.
[[0;32m  OK  [0m] Started Flush Journal to Persistent Storage.
[[0;32m  OK  [0m] Started Set the console keyboard layout.
[[0;32m  OK  [0m] Reached target Local File Systems (Pre).
[[0;32m  OK  [0m] Reached target Local File Systems.
         Starting Set console font and keymap...
         Starting AppArmor initialization...
         Starting Create Volatile Files and Directories...
         Starting Preprocess NFS configuration...
         Starting Tell Plymouth To Write Out Runtime Data...
         Starting ebtables ruleset management...
[[0;32m  OK  [0m] Started Dispatch Password Requests to Console Directory Watch.
[[0;32m  OK  [0m] Reached target Local Encrypted Volumes.
[[0;32m  OK  [0m] Started Preprocess NFS configuration.
[[0;32m  OK  [0m] Reached target NFS client services.
         Starting NFSv4 ID-name mapping service...
[[0;32m  OK  [0m] Started Set console font and keymap.
[[0;32m  OK  [0m] Started Tell Plymouth To Write Out Runtime Data.
[[0;32m  OK  [0m] Started Create Volatile Files and Directories.
         Starting RPC bind portmap service...
         Starting Update UTMP about System Boot/Shutdown...
[[0;32m  OK  [0m] Started NFSv4 ID-name mapping service.
[[0;32m  OK  [0m] Started RPC bind portmap service.
[[0;32m  OK  [0m] Reached target RPC Port Mapper.
[[0;32m  OK  [0m] Started Update UTMP about System Boot/Shutdown.
[[0;32m  OK  [0m] Started ebtables ruleset management.
[[0;32m  OK  [0m] Found device /dev/ttyS0.
[[0;32m  OK  [0m] Started AppArmor initialization.
         Starting Load AppArmor profiles managed internally by snapd...
         Starting Initial cloud-init job (pre-networking)...
[[0;32m  OK  [0m] Started Load AppArmor profiles managed internally by snapd.
[[0;32m  OK  [0m] Listening on Load/Save RF Kill Switch Status /dev/rfkill Watch.
[    5.788106] cloud-init[572]: Cloud-init v. 22.2-0ubuntu1~18.04.2 running 'init-local' at Mon, 27 Jun 2022 19:57:46 +0000. Up 5.69 seconds.
[[0;32m  OK  [0m] Started Initial cloud-init job (pre-networking).
[[0;32m  OK  [0m] Reached target Network (Pre).
         Starting Network Service...
[[0;32m  OK  [0m] Started Network Service.
         Starting Network Name Resolution...
         Starting Wait for Network to be Configured...
[[0;32m  OK  [0m] Started Network Name Resolution.
[[0;32m  OK  [0m] Reached target Host and Network Name Lookups.
[[0;32m  OK  [0m] Reached target Network.
         Starting NFS Mount Daemon...
[[0;32m  OK  [0m] Started NFS Mount Daemon.
         Starting NFS server and services...
[[0;32m  OK  [0m] Started NFS server and services.
[[0;32m  OK  [0m] Started Wait for Network to be Configured.
         Starting Initial cloud-init job (metadata service crawler)...
[    7.741004] cloud-init[708]: Cloud-init v. 22.2-0ubuntu1~18.04.2 running 'init' at Mon, 27 Jun 2022 19:57:48 +0000. Up 7.65 seconds.
[    7.742727] cloud-init[708]: ci-info: ++++++++++++++++++++++++++++++++++++++Net device info++++++++++++++++++++++++++++++++++++++
[    7.743586] cloud-init[708]: ci-info: +--------+------+----------------------------+---------------+--------+-------------------+
[    7.744475] cloud-init[708]: ci-info: | Device |  Up  |          Address           |      Mask     | Scope  |     Hw-Address    |
[    7.746382] cloud-init[708]: ci-info: +--------+------+----------------------------+---------------+--------+-------------------+
[    7.747770] cloud-init[708]: ci-info: | enp0s3 | True |         10.0.2.15          | 255.255.255.0 | global | 02:77:ed:63:d5:e3 |
[    7.749851] cloud-init[708]: ci-info: | enp0s3 | True | fe80::77:edff:fe63:d5e3/64 |       .       |  link  | 02:77:ed:63:d5:e3 |
[    7.751774] cloud-init[708]: ci-info: | enp0s8 | True |       192.168.56.81        | 255.255.255.0 | global | 08:00:27:de:03:19 |
[    7.753669] cloud-init[708]: ci-info: | enp0s8 | True | fe80::a00:27ff:fede:319/64 |       .       |  link  | 08:00:27:de:03:19 |
[    7.755715] cloud-init[708]: ci-info: |   lo   | True |         127.0.0.1          |   255.0.0.0   |  host  |         .         |
[    7.756848] cloud-init[708]: ci-info: |   lo   | True |          ::1/128           |       .       |  host  |         .         |
[    7.760405] cloud-init[708]: ci-info: +--------+------+----------------------------+---------------+--------+-------------------+
[    7.761302] cloud-init[708]: ci-info: +++++++++++++++++++++++++++++Route IPv4 info+++++++++++++++++++++++++++++
[    7.762054] cloud-init[708]: ci-info: +-------+--------------+----------+-----------------+-----------+-------+
[    7.763801] cloud-init[708]: ci-info: | Route | Destination  | Gateway  |     Genmask     | Interface | Flags |
[    7.766201] cloud-init[708]: ci-info: +-------+--------------+----------+-----------------+-----------+-------+
[    7.766997] cloud-init[708]: ci-info: |   0   |   0.0.0.0    | 10.0.2.2 |     0.0.0.0     |   enp0s3  |   UG  |
[    7.769121] cloud-init[708]: ci-info: |   1   |   10.0.2.0   | 0.0.0.0  |  255.255.255.0  |   enp0s3  |   U   |
[    7.769963] cloud-init[708]: ci-info: |   2   |   10.0.2.2   | 0.0.0.0  | 255.255.255.255 |   enp0s3  |   UH  |
[    7.771826] cloud-init[708]: ci-info: |   3   | 192.168.56.0 | 0.0.0.0  |  255.255.255.0  |   enp0s8  |   U   |
[    7.773607] cloud-init[708]: ci-info: +-------+--------------+----------+-----------------+-----------+-------+
[    7.775584] cloud-init[708]: ci-info: +++++++++++++++++++Route IPv6 info+++++++++++++++++++
[    7.776329] cloud-init[708]: ci-info: +-------+-------------+---------+-----------+-------+
[    7.778452] cloud-init[708]: ci-info: | Route | Destination | Gateway | Interface | Flags |
[    7.779141] cloud-init[708]: ci-info: +-------+-------------+---------+-----------+-------+
[    7.779955] cloud-init[708]: ci-info: |   1   |  fe80::/64  |    ::   |   enp0s8  |   U   |
[    7.781999] cloud-init[708]: ci-info: |   2   |  fe80::/64  |    ::   |   enp0s3  |   U   |
[    7.784829] cloud-init[708]: ci-info: |   4   |    local    |    ::   |   enp0s3  |   U   |
[    7.785537] cloud-init[708]: ci-info: |   5   |    local    |    ::   |   enp0s8  |   U   |
[    7.786180] cloud-init[708]: ci-info: |   6   |   ff00::/8  |    ::   |   enp0s8  |   U   |
[    7.786829] cloud-init[708]: ci-info: |   7   |   ff00::/8  |    ::   |   enp0s3  |   U   |
[    7.789238] cloud-init[708]: ci-info: +-------+-------------+---------+-----------+-------+
[[0;32m  OK  [0m] Started Initial cloud-init job (metadata service crawler).
[[0;32m  OK  [0m] Reached target Network is Online.
[[0;32m  OK  [0m] Reached target Remote File Systems (Pre).
         Starting Availability of block devices...
         Mounting /vagrant...
[[0;32m  OK  [0m] Reached target Cloud-config availability.
[[0;32m  OK  [0m] Reached target System Initialization.
[[0;32m  OK  [0m] Listening on D-Bus System Message Bus Socket.
[[0;32m  OK  [0m] Listening on cloud-init hotplug hook socket.
[[0;32m  OK  [0m] Listening on ACPID Listen Socket.
[[0;32m  OK  [0m] Started ACPI Events Check.
[[0;32m  OK  [0m] Started Discard unused blocks once a week.
[[0;32m  OK  [0m] Started Ubuntu Advantage Timer for running repeated jobs.
         Starting LXD - unix socket.
[[0;32m  OK  [0m] Started Message of the Day.
[[0;32m  OK  [0m] Started Daily apt download activities.
[[0;32m  OK  [0m] Started Daily apt upgrade and clean activities.
         Starting Socket activation for snappy daemon.
[[0;32m  OK  [0m] Started Trigger to poll for Ubuntu …(Only enabled on GCP LTS non-pro).
[[0;32m  OK  [0m] Reached target Paths.
[[0;32m  OK  [0m] Listening on Open-iSCSI iscsid Socket.
[[0;32m  OK  [0m] Listening on UUID daemon activation socket.
[[0;32m  OK  [0m] Started Daily Cleanup of Temporary Directories.
[[0;32m  OK  [0m] Reached target Timers.
[[0;32m  OK  [0m] Listening on LXD - unix socket.
[[0;32m  OK  [0m] Listening on Socket activation for snappy daemon.
[[0;32m  OK  [0m] Started Availability of block devices.
[[0;32m  OK  [0m] Reached target Sockets.
[[0;32m  OK  [0m] Reached target Basic System.
         Starting LSB: Record successful boot for GRUB...
[[0;32m  OK  [0m] Started Regular background program processing daemon.
         Starting Virtualbox guest utils...
[[0;32m  OK  [0m] Started FUSE filesystem for LXC.
         Starting System Logging Service...
[[0;32m  OK  [0m] Started Deferred execution scheduler.
[[0;32m  OK  [0m] Started irqbalance daemon.
         Starting Dispatcher daemon for systemd-networkd...
         Starting Snap Daemon...
         Starting OpenBSD Secure Shell server...
         Starting Login Service...
[[0;32m  OK  [0m] Started D-Bus System Message Bus.
         Starting Accounts Service...
         Starting LXD - container startup/shutdown...
[[0;32m  OK  [0m] Started System Logging Service.
[[0;32m  OK  [0m] Started Login Service.
[[0;32m  OK  [0m] Started Unattended Upgrades Shutdown.
[[0;32m  OK  [0m] Mounted /vagrant.
[[0;32m  OK  [0m] Reached target Remote File Systems.
         Starting LSB: automatic crash report generation...
         Starting Permit User Sessions...
[[0;32m  OK  [0m] Started OpenBSD Secure Shell server.
[[0;32m  OK  [0m] Started Permit User Sessions.
         Starting Terminate Plymouth Boot Screen...
         Starting Hold until boot process finishes up...
[[0;32m  OK  [0m] Started Hold until boot process finishes up.
[[0;32m  OK  [0m] Started Serial Getty on ttyS0.
         Starting Set console scheme...
[[0;32m  OK  [0m] Started Terminate Plymouth Boot Screen.
[[0;32m  OK  [0m] Started Set console scheme.
[[0;32m  OK  [0m] Created slice system-getty.slice.
[[0;32m  OK  [0m] Started Getty on tty1.
[[0;32m  OK  [0m] Reached target Login Prompts.
         Starting Authorization Manager...
[[0;32m  OK  [0m] Started Dispatcher daemon for systemd-networkd.
[[0;32m  OK  [0m] Started Virtualbox guest utils.
[[0;32m  OK  [0m] Started Authorization Manager.
[[0;32m  OK  [0m] Started Accounts Service.
[[0;32m  OK  [0m] Started LSB: Record successful boot for GRUB.
[[0;32m  OK  [0m] Started LSB: automatic crash report generation.
[[0;32m  OK  [0m] Started LXD - container startup/shutdown.
[[0;32m  OK  [0m] Started Snap Daemon.
         Starting Wait until snapd is fully seeded...
         Starting Time & Date Service...
[[0;32m  OK  [0m] Started Time & Date Service.
[[0;32m  OK  [0m] Started Wait until snapd is fully seeded.
[[0;32m  OK  [0m] Reached target Multi-User System.
[[0;32m  OK  [0m] Reached target Graphical Interface.
         Starting Update UTMP about System Runlevel Changes...
         Starting Apply the settings specified in cloud-config...
[[0;32m  OK  [0m] Started Update UTMP about System Runlevel Changes.
[    8.930578] cloud-init[1096]: Cloud-init v. 22.2-0ubuntu1~18.04.2 running 'modules:config' at Mon, 27 Jun 2022 19:57:49 +0000. Up 8.86 seconds.
[[0;32m  OK  [0m] Started Apply the settings specified in cloud-config.
         Starting Execute cloud user/final scripts...
[    9.262273] cloud-init[1139]: Cloud-init v. 22.2-0ubuntu1~18.04.2 running 'modules:final' at Mon, 27 Jun 2022 19:57:50 +0000. Up 9.18 seconds.
[    9.263209] cloud-init[1139]: Cloud-init v. 22.2-0ubuntu1~18.04.2 finished at Mon, 27 Jun 2022 19:57:50 +0000. Datasource DataSourceNoCloud [seed=/dev/sdb][dsmode=net].  Up 9.25 seconds
[[0;32m  OK  [0m] Started Execute cloud user/final scripts.
[[0;32m  OK  [0m] Reached target Cloud-init target.
         Starting Daily apt download activities...
[[0;32m  OK  [0m] Created slice User Slice of vagrant.
         Starting User Manager for UID 1000...
[[0;32m  OK  [0m] Started Session 1 of user vagrant.
[[0;32m  OK  [0m] Started User Manager for UID 1000.

Ubuntu 18.04.6 LTS nfsserver1 ttyS0

nfsserver1 login: [[0;32m  OK  [0m] Stopped Unattended Upgrades Shutd         Stopping libcontainer container fb7…fd0c1b55f5316aa15752ea86d91c86508.
         Stopping libcontainer container 568…85b36b9fd8388464d1a6330ff74b829a1.
         Stopping Authorization Manager...
[[0;32m  OK  [0m] Stopped target Graphical Interface.
         Stopping Availability of block devices...
         Stopping libcontainer container 6de…c2290b0f696bd4ba1632d062ac8edc253.
         Stopping libcontainer container 57a…56f0ce36cfaee1a2ea5d9e991fcf97558.
         Stopping libcontainer container 697…54c3143588990e58b0a58b3f549b2b65e.
         Stopping libcontainer container e2b…86d4694c568af7f6713f7c558d9ec35a0.
         Stopping Accounts Service...
         Stopping libcontainer container 406…7eb2c4dc91470c385a7c3e83e9bdec252.
[[0;32m  OK  [0m] Stopped target Timers.
[[0;32m  OK  [0m] Stopped Ubuntu Advantage Timer for running repeated jobs.
[[0;32m  OK  [0m] Stopped Daily Cleanup of Temporary Directories.
[[0;32m  OK  [0m] Stopped Discard unused blocks once a week.
         Stopping User Manager for UID 1000...
         Stopping libcontainer container dcd…7bb88b1247cc85a2c7564d12c2352e696.
         Stopping libcontainer container fe1…4b9f2b62e594dc4fe38c2037183129b65.
         Stopping libcontainer container bce…4d0c459eaec8bd186011ef96305a8470a.
         Stopping libcontainer container 89a…7fff184e25f988a7fc2834680b6a1dbaf.
[[0;32m  OK  [0m] Closed Load/Save RF Kill Switch Status /dev/rfkill Watch.
         Stopping Session 8 of user vagrant.
         Stopping libcontainer container eaa…d0d68449c8f5bd396c0c43d80af87d3f9.
         Stopping libcontainer container 62a…d9e7961bb3664b10bc84dc914755e49c2.
[[0;32m  OK  [0m] Stopped Daily apt upgrade and clean activities.
[[0;32m  OK  [0m] Stopped Daily apt download activities.
         Stopping libcontainer container 1f6…d3d7a56b996f7b53aa49eb28d73bd8a45.
         Stopping libcontainer container e27…898680dcf43c58c54cfc57d9c947d3647.
         Stopping libcontainer container 1db…19372ecfc57b22238bdbc5e8a325fcb09.
[[0;32m  OK  [0m] Stopped target Cloud-init target.
[[0;32m  OK  [0m] Stopped Execute cloud user/final scripts.
[[0;32m  OK  [0m] Stopped Apply the settings specified in cloud-config.
[[0;32m  OK  [0m] Stopped target Cloud-config availability.
[[0;32m  OK  [0m] Stopped target Multi-User System.
         Stopping LSB: automatic crash report generation...
         Stopping Dispatcher daemon for systemd-networkd...
         Stopping Deferred execution scheduler...
         Stopping LXD - container startup/shutdown...
[[0;32m  OK  [0m] Stopped Wait until snapd is fully seeded.
         Stopping containerd container runtime...
[[0;32m  OK  [0m] Stopped target Login Prompts         Stopping Serial Getty on ttyS0...
         Stopping D-Bus System Message Bus...
         Stopping OpenBSD Secure Shell server...
         Stopping Regular background program processing daemon...
         Stopping kubelet: The Kubernetes Node Agent...
         Stopping irqbalance daemon...
         Stopping FUSE filesystem for LXC...
         Stopping LSB: Record successful boot for GRUB...
[[0;32m  OK  [0m] Stopped Message of the Day.
[[0;32m  OK  [0m] Stopped target System Time Synchronized.
         Stopping libcontainer container fb1…6965e8e7a804b5400726db83f8bf48b33.
         Stopping System Logging Service...
         Stopping Getty on tty1...
         Stopping Virtualbox guest utils...
[[0;32m  OK  [0m] Stopped target Host and Network Name Lookups.
[[0;32m  OK  [0m] Stopped Dispatcher daemon for systemd-networkd.
[[0;32m  OK  [0m] Stopped Accounts Service.
[[0;32m  OK  [0m] Stopped Regular background program processing daemon.
[[0;32m  OK  [0m] Unmounted /var/lib/lxcfs.
[[0;32m  OK  [0m] Stopped irqbalance daemon.
[[0;32m  OK  [0m] Stopped Deferred execution scheduler.
[[0;32m  OK  [0m] Stopped System Logging Service.
[[0;32m  OK  [0m] Stopped Authorization Manager.
[[0;32m  OK  [0m] Stopped Serial Getty on ttyS0.
[[0;32m  OK  [0m] Stopped OpenBSD Secure Shell server.
[[0;32m  OK  [0m] Stopped Getty on tty1.
[[0;32m  OK  [0m] Stopped User Manager for UID 1000.
[[0;32m  OK  [0m] Stopped D-Bus System Message Bus.
[[0;32m  OK  [0m] Stopped libcontainer container 568e…85b36b9fd8388464d1a6330ff74b829a1.
[[0;32m  OK  [0m] Stopped Session 8 of user vagrant.
[[0;32m  OK  [0m] Stopped libcontainer container 62a6…d9e7961bb3664b10bc84dc914755e49c2.
[[0;32m  OK  [0m] Stopped libcontainer container fe13…4b9f2b62e594dc4fe38c2037183129b65.
[[0;32m  OK  [0m] Stopped FUSE filesystem for LXC.
[[0;32m  OK  [0m] Stopped libcontainer container e27d…898680dcf43c58c54cfc57d9c947d3647.
[[0;32m  OK  [0m] Stopped libcontainer container 1f69…d3d7a56b996f7b53aa49eb28d73bd8a45.
[[0;32m  OK  [0m] Stopped libcontainer container 89a7…7fff184e25f988a7fc2834680b6a1dbaf.
[[0;32m  OK  [0m] Stopped libcontainer container eaa1…d0d68449c8f5bd396c0c43d80af87d3f9.
[[0;32m  OK  [0m] Stopped libcontainer container 4065…7eb2c4dc91470c385a7c3e83e9bdec252.
[[0;32m  OK  [0m] Stopped libcontainer container 57af…56f0ce36cfaee1a2ea5d9e991fcf97558.
[[0;32m  OK  [0m] Stopped Availability of block devices.
[[0;32m  OK  [0m] Stopped libcontainer container 6de5…c2290b0f696bd4ba1632d062ac8edc253.
[[0;32m  OK  [0m] Stopped libcontainer container 6976…54c3143588990e58b0a58b3f549b2b65e.
[[0;32m  OK  [0m] Stopped libcontainer container e2be…86d4694c568af7f6713f7c558d9ec35a0.
[[0;32m  OK  [0m] Stopped libcontainer container fb7d…fd0c1b55f5316aa15752ea86d91c86508.
[[0;32m  OK  [0m] Removed slice libcontainer containe…a965_4b6c_8078_f77cc2d1bc0e.slice.
[[0;32m  OK  [0m] Removed slice libcontainer containe…1cb1_4a1e_b6b5_1c1fe625f8cc.slice.
[[0;32m  OK  [0m] Removed slice libcontainer container kubepods-besteffort.slice.
[[0;32m  OK  [0m] Removed slice libcontainer containe…63ee4e6a617d81c611230349e6f.slice.
[[0;32m  OK  [0m] Removed slice libcontainer containe…3223b8020b87b9d4301d2fc6b20.slice.
[[0;32m  OK  [0m] Removed slice User Slice of vagrant.
         Stopping Login Service...
[[0;32m  OK  [0m] Removed slice system-getty.slice.
[[0;32m  OK  [0m] Removed slice system-serial\x2dgetty.slice.
         Stopping Permit User Sessions...
[[0;32m  OK  [0m] Stopped kubelet: The Kubernetes Node Agent.
[[0;32m  OK  [0m] Stopped LXD - container startup/shutdown.
[[0;32m  OK  [0m] Stopped libcontainer container fb14…6965e8e7a804b5400726db83f8bf48b33.
[[0;32m  OK  [0m] Removed slice libcontainer containe…09b47a7511b8620c4df633329c3.slice.
[[0;32m  OK  [0m] Stopped containerd container runtime.
[[0;32m  OK  [0m] Stopped Permit User Sessions.
[[0;32m  OK  [0m] Stopped LSB: Record successful boot for GRUB.
[[0;32m  OK  [0m] Stopped Login Service.
[[0;32m  OK  [0m] Stopped target User and Group Name Lookups.
[[0;32m  OK  [0m] Stopped LSB: automatic crash report generation.
[[0;32m  OK  [0m] Stopped target Remote File Systems.
         Unmounting /vagrant...
[[0;32m  OK  [0m] Stopped Virtualbox guest utils.
[[0;32m  OK  [0m] Stopped target Basic System.
[[0;32m  OK  [0m] Stopped target Paths.
[[0;32m  OK  [0m] Stopped Trigger to poll for Ubuntu …(Only enabled on GCP LTS non-pro).
[[0;32m  OK  [0m] Stopped ACPI Events Check.
[[0;32m  OK  [0m] Stopped target Sockets.
[[0;32m  OK  [0m] Closed Open-iSCSI iscsid Socket.
[[0;32m  OK  [0m] Closed cloud-init hotplug hook socket.
[[0;32m  OK  [0m] Closed UUID daemon activation socket.
[[0;32m  OK  [0m] Closed Socket activation for snappy daemon.
[[0;32m  OK  [0m] Closed LXD - unix socket.
[[0;32m  OK  [0m] Closed ACPID Listen Socket.
[[0;32m  OK  [0m] Closed Syslog Socket.
[[0;32m  OK  [0m] Closed D-Bus System Message Bus Socket.
[[0;32m  OK  [0m] Stopped target Slices.
[[0;32m  OK  [0m] Removed slice User and Session Slice.
[[0;32m  OK  [0m] Stopped target System Initialization.
[[0;32m  OK  [0m] Stopped target Local Encrypted Volumes.
[[0;32m  OK  [0m] Stopped Forward Password Requests to Wall Directory Watch.
[[0;32m  OK  [0m] Stopped Dispatch Password Requests to Console Directory Watch.
         Stopping Load/Save Random Seed...
         Stopping Update UTMP about System Boot/Shutdown...
[[0;32m  OK  [0m] Stopped Update UTMP about System Boot/Shutdown.
[[0;32m  OK  [0m] Stopped Load/Save Random Seed.
[[0;32m  OK  [0m] Unmounted /vagrant.
[[0;32m  OK  [0m] Stopped target Remote File Systems (Pre).
[[0;32m  OK  [0m] Stopped target Network is Online.
[[0;32m  OK  [0m] Stopped Initial cloud-init job (metadata service crawler).
[[0;32m  OK  [0m] Stopped target Network.
         Stopping Network Name Resolution...
[[0;32m  OK  [0m] Stopped Network Name Resolution.
         Stopping Network Service...
[[0;32m  OK  [0m] Stopped Create Volatile Files and Directories.
[[0;32m  OK  [0m] Stopped target Local File Systems.
         Unmounting /run/containerd/io.conta…3664b10bc84dc914755e49c2/rootfs...
         Unmounting /run/containerd/io.conta…804b5400726db83f8bf48b33/rootfs...
         Unmounting /run/containerd/io.conta…ec8bd186011ef96305a8470a/rootfs...
         Unmounting /run/containerd/io.conta…96bd4ba1632d062ac8edc253/rootfs...
         Unmounting /run/containerd/io.conta…5f988a7fc2834680b6a1dbaf/rootfs...
         Unmounting /run/containerd/io.conta…dcf43c58c54cfc57d9c947d3647/shm...
         Unmounting /run/netns/cni-a24fc719-a2cd-9dce-f8df-6cc774dbecc2...
         Unmounting /run/containerd/io.conta…8f5bd396c0c43d80af87d3f9/rootfs...
         Unmounting /var/lib/kubelet/pods/5d…projected/kube-api-access-lkrgp...
         Unmounting /run/containerd/io.conta…36cfaee1a2ea5d9e991fcf97558/shm...
         Unmounting /run/containerd/io.conta…dc91470c385a7c3e83e9bdec252/shm...
         Unmounting /var/lib/kubelet/pods/55…projected/kube-api-access-fcftw...
         Unmounting /run/containerd/io.conta…0f696bd4ba1632d062ac8edc253/shm...
         Unmounting /run/containerd/io.conta…7cc85a2c7564d12c2352e696/rootfs...
         Unmounting /run/containerd/io.conta…faee1a2ea5d9e991fcf97558/rootfs...
         Unmounting /run/containerd/io.conta…96f7b53aa49eb28d73bd8a45/rootfs...
         Unmounting /var/lib/kubelet/pods/e7…projected/kube-api-access-q748r...
         Unmounting /run/containerd/io.conta…5316aa15752ea86d91c86508/rootfs...
         Unmounting /run/containerd/io.conta…1470c385a7c3e83e9bdec252/rootfs...
         Unmounting /var/lib/kubelet/pods/e9…projected/kube-api-access-7z5rb...
         Unmounting /run/containerd/io.conta…594dc4fe38c2037183129b65/rootfs...
         Unmounting /run/containerd/io.conta…43c58c54cfc57d9c947d3647/rootfs...
         Unmounting /run/netns/cni-13ae2948-bf54-8b2c-5f85-d26139bf3790...
         Unmounting /run/user/1000...
         Unmounting /run/containerd/io.conta…4e25f988a7fc2834680b6a1dbaf/shm...
         Unmounting /run/containerd/io.conta…57b22238bdbc5e8a325fcb09/rootfs...
         Unmounting /run/containerd/io.conta…8388464d1a6330ff74b829a1/rootfs...
         Unmounting /run/containerd/io.conta…6b996f7b53aa49eb28d73bd8a45/shm...
         Unmounting /run/containerd/io.conta…8990e58b0a58b3f549b2b65e/rootfs...
         Unmounting /run/containerd/io.conta…4c568af7f6713f7c558d9ec35a0/shm...
         Unmounting /run/containerd/io.conta…68af7f6713f7c558d9ec35a0/rootfs...
         Unmounting /run/containerd/io.conta…49c8f5bd396c0c43d80af87d3f9/shm...
[[0;32m  OK  [0m] Unmounted /run/containerd/io.contai…eaec8bd186011ef96305a8470a/rootfs.
[[0;32m  OK  [0m] Unmounted /run/containerd/io.contai…bb3664b10bc84dc914755e49c2/rootfs.
[[0;32m  OK  [0m] Unmounted /run/containerd/io.contai…7a804b5400726db83f8bf48b33/rootfs.
[[0;32m  OK  [0m] Unmounted /run/containerd/io.contai…f696bd4ba1632d062ac8edc253/rootfs.
[[0;32m  OK  [0m] Stopped Network Service.
[[0;32m  OK  [0m] Unmounted /run/containerd/io.contai…e25f988a7fc2834680b6a1dbaf/rootfs.
[[0;32m  OK  [0m] Unmounted /run/containerd/io.contai…80dcf43c58c54cfc57d9c947d3647/shm.
[[0;32m  OK  [0m] Unmounted /run/netns/cni-a24fc719-a2cd-9dce-f8df-6cc774dbecc2.
[[0;32m  OK  [0m] Unmounted /run/containerd/io.contai…9c8f5bd396c0c43d80af87d3f9/rootfs.
[[0;32m  OK  [0m] Unmounted /var/lib/kubelet/pods/5dd…o~projected/kube-api-access-lkrgp.
[[0;32m  OK  [0m] Unmounted /run/containerd/io.contai…ce36cfaee1a2ea5d9e991fcf97558/shm.
[[0;32m  OK  [0m] Unmounted /run/containerd/io.contai…c4dc91470c385a7c3e83e9bdec252/shm.
[[0;32m  OK  [0m] Unmounted /var/lib/kubelet/pods/55a…o~projected/kube-api-access-fcftw.
[[0;32m  OK  [0m] Unmounted /run/containerd/io.contai…0b0f696bd4ba1632d062ac8edc253/shm.
[[0;32m  OK  [0m] Unmounted /run/containerd/io.contai…247cc85a2c7564d12c2352e696/rootfs.
[[0;32m  OK  [0m] Unmounted /run/containerd/io.contai…6cfaee1a2ea5d9e991fcf97558/rootfs.
[[0;32m  OK  [0m] Unmounted /run/containerd/io.contai…b996f7b53aa49eb28d73bd8a45/rootfs.
[[0;32m  OK  [0m] Unmounted /var/lib/kubelet/pods/e77…o~projected/kube-api-access-q748r.
[[0;32m  OK  [0m] Unmounted /run/containerd/io.contai…5f5316aa15752ea86d91c86508/rootfs.
[[0;32m  OK  [0m] Unmounted /run/containerd/io.contai…c91470c385a7c3e83e9bdec252/rootfs.
[[0;32m  OK  [0m] Unmounted /var/lib/kubelet/pods/e90…o~projected/kube-api-access-7z5rb.
[[0;32m  OK  [0m] Unmounted /run/containerd/io.contai…2e594dc4fe38c2037183129b65/rootfs.
[[0;32m  OK  [0m] Unmounted /run/containerd/io.contai…cf43c58c54cfc57d9c947d3647/rootfs.
[[0;32m  OK  [0m] Unmounted /run/netns/cni-13ae2948-bf54-8b2c-5f85-d26139bf3790.
[[0;32m  OK  [0m] Unmounted /run/user/1000.
[[0;32m  OK  [0m] Unmounted /run/containerd/io.contai…184e25f988a7fc2834680b6a1dbaf/shm.
[[0;32m  OK  [0m] Unmounted /run/containerd/io.contai…fc57b22238bdbc5e8a325fcb09/rootfs.
[[0;32m  OK  [0m] Unmounted /run/containerd/io.contai…fd8388464d1a6330ff74b829a1/rootfs.
[[0;32m  OK  [0m] Unmounted /run/containerd/io.contai…a56b996f7b53aa49eb28d73bd8a45/shm.
[[0;32m  OK  [0m] Unmounted /run/containerd/io.contai…588990e58b0a58b3f549b2b65e/rootfs.
[[0;32m  OK  [0m] Unmounted /run/containerd/io.contai…694c568af7f6713f7c558d9ec35a0/shm.
[[0;32m  OK  [0m] Unmounted /run/containerd/io.contai…c568af7f6713f7c558d9ec35a0/rootfs.
[[0;32m  OK  [0m] Unmounted /run/containerd/io.contai…8449c8f5bd396c0c43d80af87d3f9/shm.
[[0;32m  OK  [0m] Stopped target Swap.
[[0;32m  OK  [0m] Stopped target Network (Pre).
[[0;32m  OK  [0m] Stopped Initial cloud-init job (pre-networking).
[[0;32m  OK  [0m] Stopped Apply Kernel Variables.
[[0;32m  OK  [0m] Stopped Load Kernel Modules.
[[0;32m  OK  [0m] Reached target Unmount All Filesystems.
[[0;32m  OK  [0m] Stopped target Local File Systems (Pre).
[[0;32m  OK  [0m] Stopped Remount Root and Kernel File Systems.
         Stopping Monitoring of LVM2 mirrors…ng dmeventd or progress polling...
[[0;32m  OK  [0m] Stopped Create Static Device Nodes in /dev.
[[0;32m  OK  [0m] Stopped Monitoring of LVM2 mirrors,…sing dmeventd or progress polling.
         Stopping LVM2 metadata daemon...
[[0;32m  OK  [0m] Stopped LVM2 metadata daemon.
[[0;32m  OK  [0m] Stopped libcontainer container 1db8…19372ecfc57b22238bdbc5e8a325fcb09.
[[0;32m  OK  [0m] Removed slice libcontainer containe…70ddabf1076b0063b1656372650.slice.
[[0;32m  OK  [0m] Stopped libcontainer container dcda…7bb88b1247cc85a2c7564d12c2352e696.
[[0;32m  OK  [0m] Stopped libcontainer container bce0…4d0c459eaec8bd186011ef96305a8470a.
[[0;32m  OK  [0m] Removed slice libcontainer containe…4ecb_4344_81b8_424c6154b9b1.slice.
[[0;32m  OK  [0m] Removed slice libcontainer containe…359b_470a_bca1_4759a279923b.slice.
[[0;32m  OK  [0m] Removed slice libcontainer container kubepods-burstable.slice.
[[0;32m  OK  [0m] Removed slice libcontainer container kubepods.slice.
[[0;32m  OK  [0m] Reached target Shutdown.
[[0;32m  OK  [0m] Reached target Final Step.
         Starting Power-Off...
[ 5350.439270] reboot: Power down
0;1;31m*[0m[0;31m*   [0m] A stop job is running for /mnt (55s / 1min 30s)[K[[0;1;31m*[0m[0;31m*    [0m] A stop job is running for /mnt (56s / 1min 30s)[K[[0m[0;31m*     [0m] A stop job is running for /mnt (56s / 1min 30s)[K[[0;1;31m*[0m[0;31m*    [0m] A stop job is running for /mnt (57s / 1min 30s)[K[[0;31m*[0;1;31m*[0m[0;31m*   [0m] A stop job is running for /mnt (57s / 1min 30s)[K[ [0;31m*[0;1;31m*[0m[0;31m*  [0m] A stop job is running for /mnt (58s / 1min 30s)[K[  [0;31m*[0;1;31m*[0m[0;31m* [0m] A stop job is running for /mnt (58s / 1min 30s)[K[   [0;31m*[0;1;31m*[0m[0;31m*[0m] A stop job is running for /mnt (59s / 1min 30s)[K[    [0;31m*[0;1;31m*[0m] A stop job is running for /mnt (59s / 1min 30s)